<?xml version="1.0" encoding="UTF-8"?>
<!-- Generated by org.testng.reporters.JUnitReportReporter -->
<testsuite hostname="Raga" failures="0" tests="2" name="com.juaracoding.ecom.DragDropTest" time="18.201" errors="0" timestamp="2025-07-21T21:13:49 WIB" skipped="0">
  <testcase classname="com.juaracoding.ecom.DragDropTest" name="dragElementTest" time="8.452"/>
  <testcase classname="com.juaracoding.ecom.DragDropTest" name="resizeElementTest" time="9.749"/>
</testsuite> <!-- com.juaracoding.ecom.DragDropTest -->
