<?xml version="1.0" encoding="UTF-8"?>
<!-- Generated by org.testng.reporters.JUnitReportReporter -->
<testsuite hostname="Raga" failures="0" tests="6" name="com.juaracoding.ecom.AuthenticationTest" time="61.275" errors="0" timestamp="2025-07-21T21:13:49 WIB" skipped="0">
  <testcase classname="com.juaracoding.ecom.AuthenticationTest" name="loginTest" time="5.350"/>
  <testcase classname="com.juaracoding.ecom.AuthenticationTest" name="loginTest" time="26.006"/>
  <testcase classname="com.juaracoding.ecom.AuthenticationTest" name="loginTest" time="7.753"/>
  <testcase classname="com.juaracoding.ecom.AuthenticationTest" name="loginTest" time="8.843"/>
  <testcase classname="com.juaracoding.ecom.AuthenticationTest" name="loginTest" time="7.121"/>
  <testcase classname="com.juaracoding.ecom.AuthenticationTest" name="loginTest" time="6.202"/>
</testsuite> <!-- com.juaracoding.ecom.AuthenticationTest -->
