<?xml version="1.0" encoding="UTF-8"?>
<!-- Generated by org.testng.reporters.JUnitReportReporter -->
<testsuite hostname="Raga" failures="0" tests="2" name="com.juaracoding.ecom.InventoryTest" time="39.707" errors="0" timestamp="2025-07-23T23:28:48 WIB" skipped="0">
  <testcase classname="com.juaracoding.ecom.InventoryTest" name="productSortFeatureTest" time="19.116"/>
  <testcase classname="com.juaracoding.ecom.InventoryTest" name="productDisplayTest" time="20.591"/>
</testsuite> <!-- com.juaracoding.ecom.InventoryTest -->
