<?xml version="1.0" encoding="UTF-8"?>
<!-- Generated by org.testng.reporters.JUnitReportReporter -->
<testsuite hostname="Raga" failures="0" tests="6" name="com.juaracoding.ecom.AuthenticationTest" time="53.175" errors="0" timestamp="2025-07-21T22:56:46 WIB" skipped="0">
  <testcase classname="com.juaracoding.ecom.AuthenticationTest" name="loginTest" time="9.218"/>
  <testcase classname="com.juaracoding.ecom.AuthenticationTest" name="loginTest" time="6.034"/>
  <testcase classname="com.juaracoding.ecom.AuthenticationTest" name="loginTest" time="19.441"/>
  <testcase classname="com.juaracoding.ecom.AuthenticationTest" name="loginTest" time="5.900"/>
  <testcase classname="com.juaracoding.ecom.AuthenticationTest" name="loginTest" time="6.668"/>
  <testcase classname="com.juaracoding.ecom.AuthenticationTest" name="loginTest" time="5.914"/>
</testsuite> <!-- com.juaracoding.ecom.AuthenticationTest -->
