<?xml version="1.0" encoding="UTF-8"?>
<!-- Generated by org.testng.reporters.JUnitReportReporter -->
<testsuite hostname="Raga" failures="0" tests="2" name="com.juaracoding.ecom.InventoryTest" time="39.240" errors="0" timestamp="2025-07-23T23:39:21 WIB" skipped="0">
  <testcase classname="com.juaracoding.ecom.InventoryTest" name="productSortFeatureTest" time="20.086"/>
  <testcase classname="com.juaracoding.ecom.InventoryTest" name="productDisplayTest" time="19.154"/>
</testsuite> <!-- com.juaracoding.ecom.InventoryTest -->
