<?xml version="1.0" encoding="UTF-8"?>
<!-- Generated by org.testng.reporters.JUnitReportReporter -->
<testsuite hostname="Raga" failures="0" tests="2" name="com.juaracoding.ecom.InventoryTest" time="33.893" errors="0" timestamp="2025-07-23T23:50:05 WIB" skipped="0">
  <testcase classname="com.juaracoding.ecom.InventoryTest" name="productDisplayTest" time="16.647"/>
  <testcase classname="com.juaracoding.ecom.InventoryTest" name="productSortFeatureTest" time="17.246"/>
</testsuite> <!-- com.juaracoding.ecom.InventoryTest -->
