<?xml version="1.0" encoding="UTF-8"?>
<!-- Generated by org.testng.reporters.JUnitReportReporter -->
<testsuite hostname="Raga" failures="0" tests="1" name="com.juaracoding.ecom.AddToCartTest" time="19.985" errors="0" timestamp="2025-07-23T23:28:48 WIB" skipped="0">
  <testcase classname="com.juaracoding.ecom.AddToCartTest" name="addToCartTest" time="19.985"/>
</testsuite> <!-- com.juaracoding.ecom.AddToCartTest -->
