<?xml version="1.0" encoding="UTF-8"?>
<!-- Generated by org.testng.reporters.JUnitReportReporter -->
<testsuite hostname="Raga" failures="0" tests="6" name="com.juaracoding.ecom.AuthenticationTest" time="77.800" errors="0" timestamp="2025-07-23T23:28:48 WIB" skipped="0">
  <testcase classname="com.juaracoding.ecom.AuthenticationTest" name="loginTest" time="8.769"/>
  <testcase classname="com.juaracoding.ecom.AuthenticationTest" name="loginTest" time="10.885"/>
  <testcase classname="com.juaracoding.ecom.AuthenticationTest" name="loginTest" time="13.979"/>
  <testcase classname="com.juaracoding.ecom.AuthenticationTest" name="loginTest" time="9.053"/>
  <testcase classname="com.juaracoding.ecom.AuthenticationTest" name="loginTest" time="25.361"/>
  <testcase classname="com.juaracoding.ecom.AuthenticationTest" name="loginTest" time="9.753"/>
</testsuite> <!-- com.juaracoding.ecom.AuthenticationTest -->
