<?xml version="1.0" encoding="UTF-8"?>
<!-- Generated by org.testng.reporters.JUnitReportReporter -->
<testsuite hostname="Raga" failures="0" tests="6" name="com.juaracoding.ecom.AuthenticationTest" time="67.325" errors="0" timestamp="2025-07-23T23:39:21 WIB" skipped="0">
  <testcase classname="com.juaracoding.ecom.AuthenticationTest" name="loginTest" time="9.898"/>
  <testcase classname="com.juaracoding.ecom.AuthenticationTest" name="loginTest" time="6.821"/>
  <testcase classname="com.juaracoding.ecom.AuthenticationTest" name="loginTest" time="11.238"/>
  <testcase classname="com.juaracoding.ecom.AuthenticationTest" name="loginTest" time="10.588"/>
  <testcase classname="com.juaracoding.ecom.AuthenticationTest" name="loginTest" time="22.320"/>
  <testcase classname="com.juaracoding.ecom.AuthenticationTest" name="loginTest" time="6.460"/>
</testsuite> <!-- com.juaracoding.ecom.AuthenticationTest -->
