<?xml version="1.0" encoding="UTF-8"?>
<!-- Generated by org.testng.reporters.JUnitReportReporter -->
<testsuite hostname="Raga" failures="0" tests="6" name="com.juaracoding.ecom.AuthenticationTest" time="62.670" errors="0" timestamp="2025-07-23T23:50:05 WIB" skipped="0">
  <testcase classname="com.juaracoding.ecom.AuthenticationTest" name="loginTest" time="7.121"/>
  <testcase classname="com.juaracoding.ecom.AuthenticationTest" name="loginTest" time="7.791"/>
  <testcase classname="com.juaracoding.ecom.AuthenticationTest" name="loginTest" time="7.671"/>
  <testcase classname="com.juaracoding.ecom.AuthenticationTest" name="loginTest" time="21.653"/>
  <testcase classname="com.juaracoding.ecom.AuthenticationTest" name="loginTest" time="11.245"/>
  <testcase classname="com.juaracoding.ecom.AuthenticationTest" name="loginTest" time="7.189"/>
</testsuite> <!-- com.juaracoding.ecom.AuthenticationTest -->
