<?xml version="1.0" encoding="UTF-8"?>
<!-- Generated by org.testng.reporters.JUnitReportReporter -->
<testsuite hostname="Raga" failures="0" tests="6" name="com.juaracoding.ecom.AuthenticationTest" time="40.822" errors="0" timestamp="2025-09-08T09:02:04 WIB" skipped="0">
  <testcase classname="com.juaracoding.ecom.AuthenticationTest" name="loginTest" time="7.002"/>
  <testcase classname="com.juaracoding.ecom.AuthenticationTest" name="loginTest" time="9.316"/>
  <testcase classname="com.juaracoding.ecom.AuthenticationTest" name="loginTest" time="5.156"/>
  <testcase classname="com.juaracoding.ecom.AuthenticationTest" name="loginTest" time="7.256"/>
  <testcase classname="com.juaracoding.ecom.AuthenticationTest" name="loginTest" time="5.231"/>
  <testcase classname="com.juaracoding.ecom.AuthenticationTest" name="loginTest" time="6.861"/>
</testsuite> <!-- com.juaracoding.ecom.AuthenticationTest -->
