<?xml version="1.0" encoding="UTF-8"?>
<!-- Generated by org.testng.reporters.JUnitReportReporter -->
<testsuite hostname="Raga" failures="0" tests="6" name="com.juaracoding.ecom.AuthenticationTest" time="89.539" errors="0" timestamp="2025-07-16T22:02:38 WIB" skipped="0">
  <testcase classname="com.juaracoding.ecom.AuthenticationTest" name="loginWithInvalidUsername" time="12.439"/>
  <testcase classname="com.juaracoding.ecom.AuthenticationTest" name="loginWithInvalidPassword" time="12.593"/>
  <testcase classname="com.juaracoding.ecom.AuthenticationTest" name="loginTest" time="16.479"/>
  <testcase classname="com.juaracoding.ecom.AuthenticationTest" name="loginWithoutPassword" time="11.649"/>
  <testcase classname="com.juaracoding.ecom.AuthenticationTest" name="loginWithoutUsername" time="10.833"/>
  <testcase classname="com.juaracoding.ecom.AuthenticationTest" name="loginTest" time="25.546"/>
</testsuite> <!-- com.juaracoding.ecom.AuthenticationTest -->
