<?xml version="1.0" encoding="UTF-8"?>
<!-- Generated by org.testng.reporters.JUnitReportReporter -->
<testsuite hostname="Raga" failures="0" tests="2" name="com.juaracoding.ecom.DragDropTest" time="25.232" errors="0" timestamp="2025-07-18T21:20:46 WIB" skipped="1">
  <testcase classname="com.juaracoding.ecom.DragDropTest" name="resizeElementTest" time="25.232"/>
  <testcase classname="com.juaracoding.ecom.DragDropTest" name="dragElementTest">
    <skipped/>
  </testcase> <!-- dragElementTest -->
</testsuite> <!-- com.juaracoding.ecom.DragDropTest -->
