<?xml version="1.0" encoding="UTF-8"?>
<!-- Generated by org.testng.reporters.JUnitReportReporter -->
<testsuite hostname="Raga" failures="0" tests="6" name="com.juaracoding.ecom.AuthenticationTest" time="56.834" errors="0" timestamp="2025-07-21T20:17:17 WIB" skipped="0">
  <testcase classname="com.juaracoding.ecom.AuthenticationTest" name="loginTest" time="6.719"/>
  <testcase classname="com.juaracoding.ecom.AuthenticationTest" name="loginTest" time="6.473"/>
  <testcase classname="com.juaracoding.ecom.AuthenticationTest" name="loginTest" time="18.018"/>
  <testcase classname="com.juaracoding.ecom.AuthenticationTest" name="loginTest" time="5.902"/>
  <testcase classname="com.juaracoding.ecom.AuthenticationTest" name="loginTest" time="11.377"/>
  <testcase classname="com.juaracoding.ecom.AuthenticationTest" name="loginTest" time="8.345"/>
</testsuite> <!-- com.juaracoding.ecom.AuthenticationTest -->
