<?xml version="1.0" encoding="UTF-8"?>
<!-- Generated by org.testng.reporters.JUnitReportReporter -->
<testsuite hostname="Raga" failures="0" tests="2" name="com.juaracoding.ecom.InventoryTest" time="16.551" errors="0" timestamp="2025-09-08T09:02:04 WIB" skipped="0">
  <testcase classname="com.juaracoding.ecom.InventoryTest" name="productDisplayTest" time="8.776"/>
  <testcase classname="com.juaracoding.ecom.InventoryTest" name="productSortFeatureTest" time="7.775"/>
</testsuite> <!-- com.juaracoding.ecom.InventoryTest -->
