<?xml version="1.0" encoding="UTF-8"?>
<!-- Generated by org.testng.reporters.JUnitReportReporter -->
<testsuite hostname="Raga" failures="0" tests="2" name="com.juaracoding.ecom.DragDropTest" time="17.866" errors="0" timestamp="2025-07-21T22:56:46 WIB" skipped="0">
  <testcase classname="com.juaracoding.ecom.DragDropTest" name="resizeElementTest" time="9.423"/>
  <testcase classname="com.juaracoding.ecom.DragDropTest" name="dragElementTest" time="8.443"/>
</testsuite> <!-- com.juaracoding.ecom.DragDropTest -->
